<?xml version="1.0" encoding="utf-8" standalone="no"?>
<!--This file represents the results of running a test suite-->
<test-results name="D:\Study\transinfo\ForSale\Trans\TransTest\bin\Debug\TransTest.dll" total="1" errors="0" failures="0" not-run="0" inconclusive="0" ignored="0" skipped="0" invalid="0" date="2015-04-19" time="11:09:55">
  <environment nunit-version="2.6.4.14350" clr-version="2.0.50727.5485" os-version="Microsoft Windows NT 6.1.7601 Service Pack 1" platform="Win32NT" cwd="D:\Study\transinfo\ForSale\Trans\TransTest\bin\Debug" machine-name="L-229200-P15" user="Jinghe_Zhang" user-domain="SYMC" />
  <culture-info current-culture="en-US" current-uiculture="en-US" />
  <test-suite type="Assembly" name="D:\Study\transinfo\ForSale\Trans\TransTest\bin\Debug\TransTest.dll" executed="True" result="Success" success="True" time="3.611" asserts="0">
    <results>
      <test-suite type="Namespace" name="TransTest" executed="True" result="Success" success="True" time="3.572" asserts="0">
        <results>
          <test-suite type="Namespace" name="DAL" executed="True" result="Success" success="True" time="3.572" asserts="0">
            <results>
              <test-suite type="Namespace" name="Dao" executed="True" result="Success" success="True" time="3.571" asserts="0">
                <results>
                  <test-suite type="TestFixture" name="RoleDaoTest" executed="True" result="Success" success="True" time="3.567" asserts="0">
                    <results>
                      <test-case name="TransTest.DAL.Dao.RoleDaoTest.testDeleteById" executed="True" result="Success" success="True" time="3.539" asserts="1" />
                    </results>
                  </test-suite>
                </results>
              </test-suite>
            </results>
          </test-suite>
        </results>
      </test-suite>
    </results>
  </test-suite>
</test-results>